

Version:	3.50
CmdLine:	C:\Users\danil\OneDrive\Desktop\Java-Tetris-Game-master\out\artifacts\Java_Tetris_Game_master_jar\Java-Tetris-Game-master.exe --l4j-debug
JNI:		No
WOW64:		Yes
Create mutex:	??????
Working dir:	C:\Users\danil\OneDrive\Desktop\Java-Tetris-Game-master\out\artifacts\Java_Tetris_Game_master_jar\.
Requires JDK:	No
Requires 64-Bit: No
Java min ver:	
Java max ver:	
JRE paths:	JRE
Check launcher:	C:\Users\danil\OneDrive\Desktop\Java-Tetris-Game-master\out\artifacts\Java_Tetris_Game_master_jar\JRE\bin\javaw.exe (not found)
Error msg:	This application requires a Java Runtime Environment.


Version:	3.50
CmdLine:	C:\Users\danil\OneDrive\Desktop\Java-Tetris-Game-master\out\artifacts\Java_Tetris_Game_master_jar\Java-Tetris-Game-master.exe --l4j-debug
JNI:		No
WOW64:		Yes
Create mutex:	??????
Working dir:	C:\Users\danil\OneDrive\Desktop\Java-Tetris-Game-master\out\artifacts\Java_Tetris_Game_master_jar\.
Requires JDK:	No
Requires 64-Bit: No
Java min ver:	
Java max ver:	
JRE paths:	JRE
Check launcher:	C:\Users\danil\OneDrive\Desktop\Java-Tetris-Game-master\out\artifacts\Java_Tetris_Game_master_jar\JRE\bin\javaw.exe (not found)
Error msg:	This application requires a Java Runtime Environment.


Version:	3.50
CmdLine:	C:\Users\danil\OneDrive\Desktop\Java-Tetris-Game-master\out\artifacts\Java_Tetris_Game_master_jar\Java-Tetris-Game-master.exe --l4j-debug
JNI:		No
WOW64:		Yes
Create mutex:	??????
Working dir:	C:\Users\danil\OneDrive\Desktop\Java-Tetris-Game-master\out\artifacts\Java_Tetris_Game_master_jar\.
Requires JDK:	No
Requires 64-Bit: No
Java min ver:	
Java max ver:	
JRE paths:	JRE
Check launcher:	C:\Users\danil\OneDrive\Desktop\Java-Tetris-Game-master\out\artifacts\Java_Tetris_Game_master_jar\JRE\bin\javaw.exe (not found)
Error msg:	This application requires a Java Runtime Environment.


Version:	3.50
CmdLine:	C:\Users\danil\OneDrive\Desktop\Java-Tetris-Game-master\out\artifacts\Java_Tetris_Game_master_jar\Java-Tetris-Game-master.exe --l4j-debug
JNI:		No
WOW64:		Yes
Create mutex:	??????
Working dir:	C:\Users\danil\OneDrive\Desktop\Java-Tetris-Game-master\out\artifacts\Java_Tetris_Game_master_jar\.
Requires JDK:	No
Requires 64-Bit: No
Java min ver:	
Java max ver:	
JRE paths:	JRE
Check launcher:	C:\Users\danil\OneDrive\Desktop\Java-Tetris-Game-master\out\artifacts\Java_Tetris_Game_master_jar\JRE\bin\javaw.exe (not found)
Error msg:	This application requires a Java Runtime Environment.


Version:	3.50
CmdLine:	C:\Users\danil\OneDrive\Desktop\Java-Tetris-Game-master\out\artifacts\Java_Tetris_Game_master_jar\Java-Tetris-Game-master.exe --l4j-debug
JNI:		No
WOW64:		Yes
Create mutex:	??????
Working dir:	C:\Users\danil\OneDrive\Desktop\Java-Tetris-Game-master\out\artifacts\Java_Tetris_Game_master_jar\.
Requires JDK:	No
Requires 64-Bit: No
Java min ver:	
Java max ver:	
JRE paths:	JRE
Check launcher:	C:\Users\danil\OneDrive\Desktop\Java-Tetris-Game-master\out\artifacts\Java_Tetris_Game_master_jar\JRE\bin\javaw.exe (not found)
Error msg:	This application requires a Java Runtime Environment.


Version:	3.50
CmdLine:	C:\Users\danil\OneDrive\Desktop\Java-Tetris-Game-master\out\artifacts\Java_Tetris_Game_master_jar\Java-Tetris-Game-master.exe --l4j-debug
JNI:		No
WOW64:		Yes
Working dir:	C:\Users\danil\OneDrive\Desktop\Java-Tetris-Game-master\out\artifacts\Java_Tetris_Game_master_jar\.
Requires JDK:	No
Requires 64-Bit: No
Java min ver:	1.006.022
Java max ver:	
JRE paths:	JRE
Check launcher:	C:\Users\danil\OneDrive\Desktop\Java-Tetris-Game-master\out\artifacts\Java_Tetris_Game_master_jar\JRE\bin\javaw.exe (not found)
64-bit search:	SOFTWARE\JavaSoft\Java Runtime Environment...
32-bit search:	SOFTWARE\JavaSoft\Java Runtime Environment...
64-bit search:	SOFTWARE\JavaSoft\Java Development Kit...
32-bit search:	SOFTWARE\JavaSoft\Java Development Kit...
64-bit search:	SOFTWARE\JavaSoft\JRE...
32-bit search:	SOFTWARE\JavaSoft\JRE...
64-bit search:	SOFTWARE\JavaSoft\JDK...
Check:		SOFTWARE\JavaSoft\JDK\21.0.2
Version string: 1.021.000_002 / 64-Bit (OK)
Check launcher:	C:\Program Files\Java\jdk-21\bin\javaw.exe (OK)
Match:		1.021.000_002
Runtime used:	1.021.000_002 (64-bit)
Launcher:	C:\Program Files\Java\jdk-21\bin\javaw.exe
Launcher args:	-jar "C:\Users\danil\OneDrive\Desktop\Java-Tetris-Game-master\out\artifacts\Java_Tetris_Game_master_jar\Java-Tetris-Game-master.exe"
Args length:	132/32768 chars
Exit code:	0


Version:	3.50
CmdLine:	C:\Users\danil\OneDrive\Desktop\Java-Tetris-Game-master\out\artifacts\Java_Tetris_Game_master_jar\Java-Tetris-Game-master.exe --l4j-debug
JNI:		No
WOW64:		Yes
Working dir:	C:\Users\danil\OneDrive\Desktop\Java-Tetris-Game-master\out\artifacts\Java_Tetris_Game_master_jar\.
Requires JDK:	No
Requires 64-Bit: No
Java min ver:	1.000.000
Java max ver:	
Substitute:	JAVA_HOME = 
Substitute:	PATH = C:\Program Files\Common Files\Oracle\Java\javapath;C:\WINDOWS\system32;C:\WINDOWS;C:\WINDOWS\System32\Wbem;C:\WINDOWS\System32\WindowsPowerShell\v1.0\;C:\WINDOWS\System32\OpenSSH\;C:\Program Files\Git\cmd;C:\Users\danil\AppData\Local\Microsoft\WindowsApps;;C:\Program Files\JetBrains\IntelliJ IDEA 2023.3.4\bin;;C:\Users\danil\AppData\Local\Programs\Microsoft VS Code\bin;C:\Program Files\Java\jdk-21\bin
JRE paths:	;C:\Program Files\Common Files\Oracle\Java\javapath;C:\WINDOWS\system32;C:\WINDOWS;C:\WINDOWS\System32\Wbem;C:\WINDOWS\System32\WindowsPowerShell\v1.0\;C:\WINDOWS\System32\OpenSSH\;C:\Program Files\Git\cmd;C:\Users\danil\AppData\Local\Microsoft\WindowsApps;;C:\Program Files\JetBrains\IntelliJ IDEA 2023.3.4\bin;;C:\Users\danil\AppData\Local\Programs\Microsoft VS Code\bin;C:\Program Files\Java\jdk-21\bin
Check launcher:	C:\Program Files\Common Files\Oracle\Java\javapath\bin\javaw.exe (not found)
Check launcher:	C:\WINDOWS\system32\bin\javaw.exe (not found)
Check launcher:	C:\WINDOWS\bin\javaw.exe (not found)
Check launcher:	C:\WINDOWS\System32\Wbem\bin\javaw.exe (not found)
Check launcher:	C:\WINDOWS\System32\WindowsPowerShell\v1.0\bin\javaw.exe (not found)
Check launcher:	C:\WINDOWS\System32\OpenSSH\bin\javaw.exe (not found)
Check launcher:	C:\Program Files\Git\cmd\bin\javaw.exe (not found)
Check launcher:	C:\Users\danil\AppData\Local\Microsoft\WindowsApps\bin\javaw.exe (not found)
Check launcher:	C:\Program Files\JetBrains\IntelliJ IDEA 2023.3.4\bin\javaw.exe (not found)
Check launcher:	C:\Users\danil\AppData\Local\Programs\Microsoft VS Code\bin\javaw.exe (not found)
Check launcher:	C:\Program Files\Java\jdk-21\bin\javaw.exe (OK)
Version string: 1.021.000_002 / 64-Bit (OK)
Launcher:	C:\Program Files\Java\jdk-21\bin\javaw.exe
Launcher args:	-jar "C:\Users\danil\OneDrive\Desktop\Java-Tetris-Game-master\out\artifacts\Java_Tetris_Game_master_jar\Java-Tetris-Game-master.exe"
Args length:	132/32768 chars
Exit code:	0
